<?xml version="1.0" encoding="UTF-8"?>
<!-- Generated by org.testng.reporters.JUnitReportReporter -->
<testsuite skipped="0" hostname="KALAMSIR-PC" name="practicetestng.DummyTest3" tests="1" failures="0" timestamp="2021-12-19T13:00:22 IST" time="0.009" errors="0">
  <testcase name="method1" time="0.009" classname="practicetestng.DummyTest3"/>
  <system-out/>
</testsuite> <!-- practicetestng.DummyTest3 -->
