<?xml version="1.0" encoding="UTF-8"?>
<!-- Generated by org.testng.reporters.JUnitReportReporter -->
<testsuite skipped="0" hostname="KALAMSIR-PC" name="practicetestng.TestngDummy23" tests="2" failures="0" timestamp="2021-12-18T16:41:28 IST" time="65.707" errors="0">
  <testcase name="magnitia" time="26.405" classname="practicetestng.TestngDummy23"/>
  <system-out/>
  <testcase name="gmail" time="39.302" classname="practicetestng.TestngDummy23"/>
  <system-out/>
</testsuite> <!-- practicetestng.TestngDummy23 -->
