<?xml version="1.0" encoding="UTF-8"?>
<!-- Generated by org.testng.reporters.JUnitReportReporter -->
<testsuite skipped="0" hostname="KALAMSIR-PC" name="practicetestng.TestNGRunner12" tests="1" failures="0" timestamp="2021-06-20T11:17:28 IST" time="9.881" errors="0">
  <testcase name="method1" time="9.881" classname="practicetestng.TestNGRunner12"/>
  <system-out>
    <![CDATA[Chrome browser opened

Google site launched
<a href="E:\batch253\org.magnitia.TDD\target\20-Jun-2021-11-17-27.png"><img src="E:\batch253\org.magnitia.TDD\target\20-Jun-2021-11-17-27.png" height="100" width="100"/></a>]]>
  </system-out>
</testsuite> <!-- practicetestng.TestNGRunner12 -->
