<?xml version="1.0" encoding="UTF-8"?>
<!-- Generated by org.testng.reporters.JUnitReportReporter -->
<testsuite skipped="0" hostname="KALAMSIR-PC" name="practicetestng.DummyTest2" tests="2" failures="0" timestamp="2021-12-18T11:36:07 IST" time="25.908" errors="0">
  <testcase name="method1" time="22.071" classname="practicetestng.DummyTest2"/>
  <system-out/>
  <testcase name="method2" time="3.837" classname="practicetestng.DummyTest2"/>
  <system-out/>
</testsuite> <!-- practicetestng.DummyTest2 -->
