<?xml version="1.0" encoding="UTF-8"?>
<!-- Generated by org.testng.reporters.JUnitReportReporter -->
<testsuite skipped="0" hostname="KALAMSIR-PC" name="practicetestng.TestNGRunner8" tests="2" failures="0" timestamp="2021-12-05T11:17:24 IST" time="0.011" errors="0">
  <testcase name="testmethod" time="0.001" classname="practicetestng.TestNGRunner8"/>
  <system-out/>
  <testcase name="testmethod" time="0.010" classname="practicetestng.TestNGRunner8"/>
  <system-out/>
</testsuite> <!-- practicetestng.TestNGRunner8 -->
