<?xml version="1.0" encoding="UTF-8"?>
<!-- Generated by org.testng.reporters.JUnitReportReporter -->
<testsuite skipped="0" hostname="KALAMSIR-PC" name="tests.LoginTest1WithDP" tests="5" failures="0" timestamp="2021-06-25T22:29:31 IST" time="44.078" errors="0">
  <testcase name="logintest" time="18.656" classname="tests.LoginTest1WithDP"/>
  <system-out>
    <![CDATA[Valid UID test passed
Valid PWD test passed]]>
  </system-out>
  <testcase name="logintest" time="5.093" classname="tests.LoginTest1WithDP"/>
  <system-out>
    <![CDATA[Invalid UID test passed]]>
  </system-out>
  <testcase name="logintest" time="4.987" classname="tests.LoginTest1WithDP"/>
  <system-out>
    <![CDATA[Uid blank test passed]]>
  </system-out>
  <testcase name="logintest" time="7.893" classname="tests.LoginTest1WithDP"/>
  <system-out>
    <![CDATA[Valid UID test passed
Invalid PWD test passed]]>
  </system-out>
  <testcase name="logintest" time="7.449" classname="tests.LoginTest1WithDP"/>
  <system-out>
    <![CDATA[Valid UID test passed
PWD blank test passed]]>
  </system-out>
</testsuite> <!-- tests.LoginTest1WithDP -->
