<?xml version="1.0" encoding="UTF-8"?>
<!-- Generated by org.testng.reporters.JUnitReportReporter -->
<testsuite skipped="0" hostname="KALAMSIR-PC" name="practicetestng.TestngDummy13" tests="6" failures="0" timestamp="2022-07-03T14:27:06 IST" time="0.012" errors="0">
  <testcase name="numbersaddition" time="0.006" classname="practicetestng.TestngDummy13"/>
  <system-out/>
  <testcase name="stringsconcat" time="0.001" classname="practicetestng.TestngDummy13"/>
  <system-out/>
  <testcase name="numberssubstract" time="0.002" classname="practicetestng.TestngDummy13"/>
  <system-out/>
  <testcase name="stringsconcat" time="0.001" classname="practicetestng.TestngDummy13"/>
  <system-out/>
  <testcase name="numberssubstract" time="0.001" classname="practicetestng.TestngDummy13"/>
  <system-out/>
  <testcase name="numbersaddition" time="0.001" classname="practicetestng.TestngDummy13"/>
  <system-out/>
</testsuite> <!-- practicetestng.TestngDummy13 -->
