<?xml version="1.0" encoding="UTF-8"?>
<!-- Generated by org.testng.reporters.JUnitReportReporter -->
<testsuite skipped="0" hostname="KALAMSIR-PC" name="practice.Dummy2" tests="1" failures="0" timestamp="2021-01-02T11:48:20 IST" time="0.007" errors="0">
  <testcase name="method" time="0.007" classname="practice.Dummy2"/>
  <system-out/>
</testsuite> <!-- practice.Dummy2 -->
