<?xml version="1.0" encoding="UTF-8"?>
<!-- Generated by org.testng.reporters.JUnitReportReporter -->
<testsuite skipped="0" hostname="KALAMSIR-PC" name="practice.Dummy3" tests="1" failures="0" timestamp="2021-01-01T08:56:45 IST" time="20.008" errors="0">
  <testcase name="method" time="20.008" classname="practice.Dummy3"/>
  <system-out/>
</testsuite> <!-- practice.Dummy3 -->
