<?xml version="1.0" encoding="UTF-8"?>
<!-- Generated by org.testng.reporters.JUnitReportReporter -->
<testsuite skipped="0" hostname="KALAMSIR-PC" name="practicetestng.TestngDummy10" tests="9" failures="0" timestamp="2021-12-12T12:44:03 IST" time="0.012" errors="0">
  <testcase name="testmethod1" time="0.001" classname="practicetestng.TestngDummy10"/>
  <system-out/>
  <testcase name="testmethod3" time="0.001" classname="practicetestng.TestngDummy10"/>
  <system-out/>
  <testcase name="testmethod1" time="0.006" classname="practicetestng.TestngDummy10"/>
  <system-out/>
  <testcase name="testmethod3" time="0.001" classname="practicetestng.TestngDummy10"/>
  <system-out/>
  <testcase name="testmethod1" time="0.000" classname="practicetestng.TestngDummy10"/>
  <system-out/>
  <testcase name="testmethod2" time="0.001" classname="practicetestng.TestngDummy10"/>
  <system-out/>
  <testcase name="testmethod2" time="0.001" classname="practicetestng.TestngDummy10"/>
  <system-out/>
  <testcase name="testmethod2" time="0.000" classname="practicetestng.TestngDummy10"/>
  <system-out/>
  <testcase name="testmethod2" time="0.001" classname="practicetestng.TestngDummy10"/>
  <system-out/>
</testsuite> <!-- practicetestng.TestngDummy10 -->
