<?xml version="1.0" encoding="UTF-8"?>
<!-- Generated by org.testng.reporters.JUnitReportReporter -->
<testsuite skipped="0" hostname="KALAMSIR-PC" name="practicetestng.TestNGRunner7" tests="6" failures="0" timestamp="2021-06-19T12:40:58 IST" time="0.010" errors="0">
  <testcase name="stringsconcat" time="0.001" classname="practicetestng.TestNGRunner7"/>
  <system-out/>
  <testcase name="numberssubstract" time="0.001" classname="practicetestng.TestNGRunner7"/>
  <system-out/>
  <testcase name="numbersaddition" time="0.001" classname="practicetestng.TestNGRunner7"/>
  <system-out/>
  <testcase name="numberssubstract" time="0.001" classname="practicetestng.TestNGRunner7"/>
  <system-out/>
  <testcase name="stringsconcat" time="0.001" classname="practicetestng.TestNGRunner7"/>
  <system-out/>
  <testcase name="numbersaddition" time="0.005" classname="practicetestng.TestNGRunner7"/>
  <system-out/>
</testsuite> <!-- practicetestng.TestNGRunner7 -->
