<?xml version="1.0" encoding="UTF-8"?>
<!-- Generated by org.testng.reporters.JUnitReportReporter -->
<testsuite skipped="0" hostname="KALAMSIR-PC" name="practice.Dummy17" tests="1" failures="0" timestamp="2021-01-02T20:09:52 IST" time="11.788" errors="0">
  <testcase name="method1" time="11.788" classname="practice.Dummy17"/>
  <system-out>
Chrome browser opened <a href="E:\batch250\org.magnitia.5TDD\target\02-Jan-2021-08-09-51.png"><img src="E:\batch250\org.magnitia.5TDD\target\02-Jan-2021-08-09-51.png" height="100" width="100"/></a> <video width="400" controls Autoplay=autoplay>
  <source src="E:\ScriptVideos\TestVideo-20-06-07 22-40-32.mov" type="video/mp4">
</video>  </system-out>
</testsuite> <!-- practice.Dummy17 -->
