<?xml version="1.0" encoding="UTF-8"?>
<!-- Generated by org.testng.reporters.JUnitReportReporter -->
<testsuite skipped="0" hostname="KALAMSIR-PC" name="practicetestng.TestngDummy11" tests="3" failures="0" timestamp="2022-07-02T14:51:42 IST" time="0.006" errors="0">
  <testcase name="method2" time="0.001" classname="practicetestng.TestngDummy11"/>
  <system-out/>
  <testcase name="method2" time="0.004" classname="practicetestng.TestngDummy11"/>
  <system-out/>
  <testcase name="method2" time="0.001" classname="practicetestng.TestngDummy11"/>
  <system-out/>
</testsuite> <!-- practicetestng.TestngDummy11 -->
