<?xml version="1.0" encoding="UTF-8"?>
<!-- Generated by org.testng.reporters.JUnitReportReporter -->
<testsuite skipped="0" hostname="KALAMSIR-PC" name="practice.Dummy20" tests="2" failures="0" timestamp="2021-01-03T12:24:03 IST" time="38.211" errors="0">
  <testcase name="method2" time="18.236" classname="practice.Dummy20"/>
  <system-out/>
  <testcase name="method3" time="19.975" classname="practice.Dummy20"/>
  <system-out/>
</testsuite> <!-- practice.Dummy20 -->
