<?xml version="1.0" encoding="UTF-8"?>
<!-- Generated by org.testng.reporters.JUnitReportReporter -->
<testsuite skipped="0" hostname="KALAMSIR-PC" name="practicetestng.TestngDummy12" tests="15" failures="0" timestamp="2022-07-02T14:38:06 IST" time="0.016" errors="0">
  <testcase name="method2" time="0.001" classname="practicetestng.TestngDummy12"/>
  <system-out/>
  <testcase name="method2" time="0.005" classname="practicetestng.TestngDummy12"/>
  <system-out/>
  <testcase name="method2" time="0.000" classname="practicetestng.TestngDummy12"/>
  <system-out/>
  <testcase name="method2" time="0.001" classname="practicetestng.TestngDummy12"/>
  <system-out/>
  <testcase name="method2" time="0.001" classname="practicetestng.TestngDummy12"/>
  <system-out/>
  <testcase name="method2" time="0.001" classname="practicetestng.TestngDummy12"/>
  <system-out/>
  <testcase name="method2" time="0.001" classname="practicetestng.TestngDummy12"/>
  <system-out/>
  <testcase name="method2" time="0.000" classname="practicetestng.TestngDummy12"/>
  <system-out/>
  <testcase name="method2" time="0.001" classname="practicetestng.TestngDummy12"/>
  <system-out/>
  <testcase name="method2" time="0.001" classname="practicetestng.TestngDummy12"/>
  <system-out/>
  <testcase name="method2" time="0.001" classname="practicetestng.TestngDummy12"/>
  <system-out/>
  <testcase name="method2" time="0.001" classname="practicetestng.TestngDummy12"/>
  <system-out/>
  <testcase name="method2" time="0.001" classname="practicetestng.TestngDummy12"/>
  <system-out/>
  <testcase name="method2" time="0.001" classname="practicetestng.TestngDummy12"/>
  <system-out/>
  <testcase name="method2" time="0.000" classname="practicetestng.TestngDummy12"/>
  <system-out/>
</testsuite> <!-- practicetestng.TestngDummy12 -->
