<?xml version="1.0" encoding="UTF-8"?>
<!-- Generated by org.testng.reporters.JUnitReportReporter -->
<testsuite hostname="DESKTOP-RAPIJ62" failures="0" tests="3" name="tests.SearchTest3WithDP" time="17.787" errors="0" timestamp="2023-10-28T12:41:01 IST" skipped="0">
  <testcase classname="tests.SearchTest3WithDP" name="googleHomePageTitleTest" time="8.147">
    <system-out>
      <![CDATA[Google home page title test passed<br>]]>
    </system-out>
  </testcase> <!-- googleHomePageTitleTest -->
  <testcase classname="tests.SearchTest3WithDP" name="googleHomePageTitleTest" time="5.295">
    <system-out>
      <![CDATA[Google home page title test passed<br>]]>
    </system-out>
  </testcase> <!-- googleHomePageTitleTest -->
  <testcase classname="tests.SearchTest3WithDP" name="googleHomePageTitleTest" time="4.345">
    <system-out>
      <![CDATA[Google home page title test passed<br>]]>
    </system-out>
  </testcase> <!-- googleHomePageTitleTest -->
  <system-out>
    <![CDATA[Google home page title test passed<br>
Google home page title test passed<br>
Google home page title test passed<br>]]>
  </system-out>
</testsuite> <!-- tests.SearchTest3WithDP -->
