<?xml version="1.0" encoding="UTF-8"?>
<!-- Generated by org.testng.reporters.JUnitReportReporter -->
<testsuite skipped="0" hostname="KALAMSIR-PC" name="practicetestng.TestNGRunner3" tests="4" failures="0" timestamp="2021-06-20T07:43:32 IST" time="0.002" errors="0">
  <testcase name="method3" time="0.000" classname="practicetestng.TestNGRunner3"/>
  <system-out/>
  <testcase name="method3" time="0.001" classname="practicetestng.TestNGRunner3"/>
  <system-out/>
  <testcase name="method3" time="0.001" classname="practicetestng.TestNGRunner3"/>
  <system-out/>
  <testcase name="method3" time="0.000" classname="practicetestng.TestNGRunner3"/>
  <system-out/>
</testsuite> <!-- practicetestng.TestNGRunner3 -->
