<?xml version="1.0" encoding="UTF-8"?>
<!-- Generated by org.testng.reporters.JUnitReportReporter -->
<testsuite skipped="0" hostname="KALAMSIR-PC" name="practicetestng.TestngDummy8" tests="3" failures="0" timestamp="2022-06-26T14:36:02 IST" time="0.007" errors="0">
  <testcase name="testmethod" time="0.001" classname="practicetestng.TestngDummy8"/>
  <system-out/>
  <testcase name="testmethod" time="0.001" classname="practicetestng.TestngDummy8"/>
  <system-out/>
  <testcase name="testmethod" time="0.005" classname="practicetestng.TestngDummy8"/>
  <system-out/>
</testsuite> <!-- practicetestng.TestngDummy8 -->
