<?xml version="1.0" encoding="UTF-8"?>
<!-- Generated by org.testng.reporters.JUnitReportReporter -->
<testsuite skipped="0" hostname="KALAMSIR-PC" name="practice.Dummy4" tests="3" failures="0" timestamp="2021-01-01T09:12:01 IST" time="0.006" errors="0">
  <testcase name="method" time="0.005" classname="practice.Dummy4"/>
  <system-out/>
  <testcase name="method" time="0.000" classname="practice.Dummy4"/>
  <system-out/>
  <testcase name="method" time="0.001" classname="practice.Dummy4"/>
  <system-out/>
</testsuite> <!-- practice.Dummy4 -->
