<?xml version="1.0" encoding="UTF-8"?>
<!-- Generated by org.testng.reporters.JUnitReportReporter -->
<testsuite skipped="0" hostname="KALAMSIR-PC" name="practicetestng.TestNGRunner9" tests="3" failures="0" timestamp="2021-06-19T13:47:09 IST" time="0.007" errors="0">
  <testcase name="method123" time="0.001" classname="practicetestng.TestNGRunner9"/>
  <system-out/>
  <testcase name="method123" time="0.005" classname="practicetestng.TestNGRunner9"/>
  <system-out/>
  <testcase name="method123" time="0.001" classname="practicetestng.TestNGRunner9"/>
  <system-out/>
</testsuite> <!-- practicetestng.TestNGRunner9 -->
