<?xml version="1.0" encoding="UTF-8"?>
<!-- Generated by org.testng.reporters.JUnitReportReporter -->
<testsuite skipped="0" hostname="KALAMSIR-PC" name="practicetestng.Dummy5" tests="10" failures="0" timestamp="2021-12-05T16:07:51 IST" time="0.013" errors="0">
  <testcase name="method" time="0.007" classname="practicetestng.Dummy5"/>
  <system-out/>
  <testcase name="method" time="0.001" classname="practicetestng.Dummy5"/>
  <system-out/>
  <testcase name="method" time="0.000" classname="practicetestng.Dummy5"/>
  <system-out/>
  <testcase name="method" time="0.001" classname="practicetestng.Dummy5"/>
  <system-out/>
  <testcase name="method" time="0.001" classname="practicetestng.Dummy5"/>
  <system-out/>
  <testcase name="method" time="0.000" classname="practicetestng.Dummy5"/>
  <system-out/>
  <testcase name="method" time="0.001" classname="practicetestng.Dummy5"/>
  <system-out/>
  <testcase name="method" time="0.001" classname="practicetestng.Dummy5"/>
  <system-out/>
  <testcase name="method" time="0.000" classname="practicetestng.Dummy5"/>
  <system-out/>
  <testcase name="method" time="0.001" classname="practicetestng.Dummy5"/>
  <system-out/>
</testsuite> <!-- practicetestng.Dummy5 -->
