<?xml version="1.0" encoding="UTF-8"?>
<!-- Generated by org.testng.reporters.JUnitReportReporter -->
<testsuite skipped="0" hostname="KALAMSIR-PC" name="practicetestng.TestNGRunner6" tests="2" failures="0" timestamp="2021-06-19T11:17:42 IST" time="0.007" errors="0">
  <testcase name="openbrowser" time="0.006" classname="practicetestng.TestNGRunner6"/>
  <system-out/>
  <testcase name="login" time="0.001" classname="practicetestng.TestNGRunner6"/>
  <system-out/>
</testsuite> <!-- practicetestng.TestNGRunner6 -->
