<?xml version="1.0" encoding="UTF-8"?>
<!-- Generated by org.testng.reporters.JUnitReportReporter -->
<testsuite skipped="0" hostname="KALAMSIR-PC" name="practicetestng.DummyTest1" tests="2" failures="0" timestamp="2021-12-18T11:36:07 IST" time="29.088" errors="0">
  <testcase name="method1" time="9.209" classname="practicetestng.DummyTest1"/>
  <system-out/>
  <testcase name="method2" time="19.879" classname="practicetestng.DummyTest1"/>
  <system-out/>
</testsuite> <!-- practicetestng.DummyTest1 -->
