<?xml version="1.0" encoding="UTF-8"?>
<!-- Generated by org.testng.reporters.JUnitReportReporter -->
<testsuite skipped="0" hostname="KALAMSIR-PC" name="tests.LoginTest2WithExcelFile" tests="1" failures="0" timestamp="2021-06-27T08:49:13 IST" time="369.277" errors="0">
  <testcase name="logintest" time="369.277" classname="tests.LoginTest2WithExcelFile"/>
  <system-out>
    <![CDATA[Valid UID test passed
Valid PWD test passed
Uid blank test passed
Invalid UID test passed
Valid UID test passed
PWD blank test passed
Valid UID test passed
Invalid PWD test passed
Valid UID test passed
Valid PWD test passed
Uid blank test passed
Invalid UID test passed
Valid UID test passed
PWD blank test passed
Valid UID test passed
Invalid PWD test passed
Valid UID test passed
Valid PWD test passed
Uid blank test passed
Invalid UID test passed
Valid UID test passed
PWD blank test passed
Valid UID test passed
Invalid PWD test passed]]>
  </system-out>
</testsuite> <!-- tests.LoginTest2WithExcelFile -->
