<?xml version="1.0" encoding="UTF-8"?>
<!-- Generated by org.testng.reporters.JUnitReportReporter -->
<testsuite hostname="DESKTOP-RAPIJ62" failures="0" tests="3" name="tests.SearchTest4WithDP" time="29.692" errors="0" timestamp="2023-10-28T12:46:58 IST" skipped="0">
  <testcase classname="tests.SearchTest4WithDP" name="googleSearchPageTitleTest" time="9.508">
    <system-out>
      <![CDATA[Google search page title test passed<br>]]>
    </system-out>
  </testcase> <!-- googleSearchPageTitleTest -->
  <testcase classname="tests.SearchTest4WithDP" name="googleSearchPageTitleTest" time="11.182">
    <system-out>
      <![CDATA[Google search page title test passed<br>]]>
    </system-out>
  </testcase> <!-- googleSearchPageTitleTest -->
  <testcase classname="tests.SearchTest4WithDP" name="googleSearchPageTitleTest" time="9.002">
    <system-out>
      <![CDATA[Google search page title test passed<br>]]>
    </system-out>
  </testcase> <!-- googleSearchPageTitleTest -->
  <system-out>
    <![CDATA[Google search page title test passed<br>
Google search page title test passed<br>
Google search page title test passed<br>]]>
  </system-out>
</testsuite> <!-- tests.SearchTest4WithDP -->
