<?xml version="1.0" encoding="UTF-8"?>
<!-- Generated by org.testng.reporters.JUnitReportReporter -->
<testsuite skipped="0" hostname="KALAMSIR-PC" name="practicetestng.TestngDummy16" tests="2" failures="0" timestamp="2022-07-09T14:59:47 IST" time="0.006" errors="0">
  <testcase name="displaycountry" time="0.006" classname="practicetestng.TestngDummy16"/>
  <system-out/>
  <testcase name="displaycountry" time="0.000" classname="practicetestng.TestngDummy16"/>
  <system-out/>
</testsuite> <!-- practicetestng.TestngDummy16 -->
