<?xml version="1.0" encoding="UTF-8"?>
<!-- Generated by org.testng.reporters.JUnitReportReporter -->
<testsuite skipped="0" hostname="KALAMSIR-PC" name="practice.Dummy15" tests="2" failures="0" timestamp="2021-01-02T11:58:07 IST" time="9.999" errors="0">
  <testcase name="method1" time="4.912" classname="practice.Dummy15"/>
  <system-out/>
  <testcase name="method2" time="5.087" classname="practice.Dummy15"/>
  <system-out/>
</testsuite> <!-- practice.Dummy15 -->
