<?xml version="1.0" encoding="UTF-8"?>
<!-- Generated by org.testng.reporters.JUnitReportReporter -->
<testsuite skipped="0" hostname="KALAMSIR-PC" name="practicetestng.TestNGRunner2" tests="7" failures="0" timestamp="2021-12-05T16:53:40 IST" time="0.012" errors="0">
  <testcase name="method2" time="0.001" classname="practicetestng.TestNGRunner2"/>
  <system-out/>
  <testcase name="method2" time="0.001" classname="practicetestng.TestNGRunner2"/>
  <system-out/>
  <testcase name="method2" time="0.006" classname="practicetestng.TestNGRunner2"/>
  <system-out/>
  <testcase name="method3" time="0.001" classname="practicetestng.TestNGRunner2"/>
  <system-out/>
  <testcase name="method3" time="0.001" classname="practicetestng.TestNGRunner2"/>
  <system-out/>
  <testcase name="method3" time="0.001" classname="practicetestng.TestNGRunner2"/>
  <system-out/>
  <testcase name="method3" time="0.001" classname="practicetestng.TestNGRunner2"/>
  <system-out/>
</testsuite> <!-- practicetestng.TestNGRunner2 -->
