<?xml version="1.0" encoding="UTF-8"?>
<!-- Generated by org.testng.reporters.JUnitReportReporter -->
<testsuite skipped="0" hostname="KALAMSIR-PC" name="practicetestng.TestngDummy9" tests="7" failures="0" timestamp="2021-12-12T15:39:18 IST" time="0.006" errors="0">
  <testcase name="testmethod1" time="0.001" classname="practicetestng.TestngDummy9"/>
  <system-out/>
  <testcase name="testmethod1" time="0.000" classname="practicetestng.TestngDummy9"/>
  <system-out/>
  <testcase name="testmethod1" time="0.001" classname="practicetestng.TestngDummy9"/>
  <system-out/>
  <testcase name="testmethod2" time="0.001" classname="practicetestng.TestngDummy9"/>
  <system-out/>
  <testcase name="testmethod2" time="0.001" classname="practicetestng.TestngDummy9"/>
  <system-out/>
  <testcase name="testmethod2" time="0.001" classname="practicetestng.TestngDummy9"/>
  <system-out/>
  <testcase name="testmethod2" time="0.001" classname="practicetestng.TestngDummy9"/>
  <system-out/>
</testsuite> <!-- practicetestng.TestngDummy9 -->
