<?xml version="1.0" encoding="UTF-8"?>
<!-- Generated by org.testng.reporters.JUnitReportReporter -->
<testsuite skipped="0" hostname="KALAMSIR-PC" name="practice.Dummy10" tests="4" failures="0" timestamp="2021-01-02T08:56:58 IST" time="0.005" errors="0">
  <testcase name="method2" time="0.004" classname="practice.Dummy10"/>
  <system-out/>
  <testcase name="method2" time="0.001" classname="practice.Dummy10"/>
  <system-out/>
  <testcase name="method2" time="0.000" classname="practice.Dummy10"/>
  <system-out/>
  <testcase name="method2" time="0.000" classname="practice.Dummy10"/>
  <system-out/>
</testsuite> <!-- practice.Dummy10 -->
