<?xml version="1.0" encoding="UTF-8"?>
<!-- Generated by org.testng.reporters.JUnitReportReporter -->
<testsuite skipped="0" hostname="KALAMSIR-PC" name="practicetestng.TestngDummy3" tests="1" failures="0" timestamp="2022-06-25T14:22:15 IST" time="0.007" errors="0">
  <testcase name="method" time="0.007" classname="practicetestng.TestngDummy3"/>
  <system-out/>
</testsuite> <!-- practicetestng.TestngDummy3 -->
