<?xml version="1.0" encoding="UTF-8"?>
<!-- Generated by org.testng.reporters.JUnitReportReporter -->
<testsuite skipped="0" hostname="KALAMSIR-PC" name="practice.Dummy5" tests="2" failures="0" timestamp="2021-01-01T09:58:39 IST" time="0.007" errors="0">
  <testcase name="openbrowser" time="0.007" classname="practice.Dummy5"/>
  <system-out/>
  <testcase name="sendMail" time="0.000" classname="practice.Dummy5"/>
  <system-out/>
</testsuite> <!-- practice.Dummy5 -->
