<?xml version="1.0" encoding="UTF-8"?>
<!-- Generated by org.testng.reporters.JUnitReportReporter -->
<testsuite skipped="0" hostname="KALAMSIR-PC" name="practicetestng.TestngDummy1" tests="1" failures="0" timestamp="2022-06-25T12:54:49 IST" time="0.006" errors="0">
  <testcase name="method" time="0.006" classname="practicetestng.TestngDummy1"/>
  <system-out/>
</testsuite> <!-- practicetestng.TestngDummy1 -->
