<?xml version="1.0" encoding="UTF-8"?>
<!-- Generated by org.testng.reporters.JUnitReportReporter -->
<testsuite skipped="0" hostname="KALAMSIR-PC" name="tests.LoginTest4WithXml" tests="20" failures="0" timestamp="2021-06-27T10:55:44 IST" time="127.178" errors="0">
  <testcase name="launch" time="13.849" classname="tests.LoginTest4WithXml"/>
  <system-out/>
  <testcase name="launch" time="13.505" classname="tests.LoginTest4WithXml"/>
  <system-out/>
  <testcase name="launch" time="14.295" classname="tests.LoginTest4WithXml"/>
  <system-out/>
  <testcase name="launch" time="13.661" classname="tests.LoginTest4WithXml"/>
  <system-out/>
  <testcase name="launch" time="13.734" classname="tests.LoginTest4WithXml"/>
  <system-out/>
  <testcase name="uidTest" time="6.100" classname="tests.LoginTest4WithXml"/>
  <system-out>
    <![CDATA[Invalid UID test passed]]>
  </system-out>
  <testcase name="uidTest" time="5.962" classname="tests.LoginTest4WithXml"/>
  <system-out>
    <![CDATA[Valid UID test passed]]>
  </system-out>
  <testcase name="uidTest" time="5.898" classname="tests.LoginTest4WithXml"/>
  <system-out>
    <![CDATA[Valid UID test passed]]>
  </system-out>
  <testcase name="uidTest" time="5.823" classname="tests.LoginTest4WithXml"/>
  <system-out>
    <![CDATA[Uid blank test passed]]>
  </system-out>
  <testcase name="uidTest" time="6.449" classname="tests.LoginTest4WithXml"/>
  <system-out>
    <![CDATA[Valid UID test passed]]>
  </system-out>
  <testcase name="pwdTest" time="12.069" classname="tests.LoginTest4WithXml"/>
  <system-out>
    <![CDATA[Valid PWD test passed]]>
  </system-out>
  <testcase name="pwdTest" time="5.918" classname="tests.LoginTest4WithXml"/>
  <system-out>
    <![CDATA[PWD blank test passed]]>
  </system-out>
  <testcase name="pwdTest" time="0.001" classname="tests.LoginTest4WithXml"/>
  <system-out>
    <![CDATA[No need for pwd testing]]>
  </system-out>
  <testcase name="pwdTest" time="6.086" classname="tests.LoginTest4WithXml"/>
  <system-out>
    <![CDATA[Invalid PWD test passed]]>
  </system-out>
  <testcase name="pwdTest" time="0.001" classname="tests.LoginTest4WithXml"/>
  <system-out>
    <![CDATA[No need for pwd testing]]>
  </system-out>
  <testcase name="close" time="0.671" classname="tests.LoginTest4WithXml"/>
  <system-out/>
  <testcase name="close" time="0.863" classname="tests.LoginTest4WithXml"/>
  <system-out/>
  <testcase name="close" time="0.777" classname="tests.LoginTest4WithXml"/>
  <system-out/>
  <testcase name="close" time="0.831" classname="tests.LoginTest4WithXml"/>
  <system-out/>
  <testcase name="close" time="0.685" classname="tests.LoginTest4WithXml"/>
  <system-out/>
</testsuite> <!-- tests.LoginTest4WithXml -->
