<?xml version="1.0" encoding="UTF-8"?>
<!-- Generated by org.testng.reporters.JUnitReportReporter -->
<testsuite skipped="0" hostname="KALAMSIR-PC" name="practice.Dummy16" tests="1" failures="0" timestamp="2021-01-02T11:58:07 IST" time="13.623" errors="0">
  <testcase name="method1" time="13.623" classname="practice.Dummy16"/>
  <system-out/>
</testsuite> <!-- practice.Dummy16 -->
