<?xml version="1.0" encoding="UTF-8"?>
<!-- Generated by org.testng.reporters.JUnitReportReporter -->
<testsuite skipped="0" hostname="KALAMSIR-PC" name="practicetestng.TestngDummy2" tests="1" failures="0" timestamp="2022-06-25T14:09:02 IST" time="7.407" errors="0">
  <testcase name="method" time="7.407" classname="practicetestng.TestngDummy2"/>
  <system-out/>
</testsuite> <!-- practicetestng.TestngDummy2 -->
