<?xml version="1.0" encoding="UTF-8"?>
<!-- Generated by org.testng.reporters.JUnitReportReporter -->
<testsuite skipped="0" hostname="KALAMSIR-PC" name="practicetestng.TestngDummy17" tests="3" failures="0" timestamp="2021-12-12T14:58:31 IST" time="0.009" errors="0">
  <testcase name="method123" time="0.008" classname="practicetestng.TestngDummy17"/>
  <system-out/>
  <testcase name="method123" time="0.001" classname="practicetestng.TestngDummy17"/>
  <system-out/>
  <testcase name="method123" time="0.000" classname="practicetestng.TestngDummy17"/>
  <system-out/>
</testsuite> <!-- practicetestng.TestngDummy17 -->
