<?xml version="1.0" encoding="UTF-8"?>
<!-- Generated by org.testng.reporters.JUnitReportReporter -->
<testsuite hostname="DESKTOP-RAPIJ62" failures="0" tests="2" name="tests.SearchTest2WithExcelFile" time="40.802" errors="0" timestamp="2023-10-28T12:23:47 IST" skipped="0">
  <testcase classname="tests.SearchTest2WithExcelFile" name="googleHomePageTitleTest" time="13.320">
    <system-out>
      <![CDATA[Google home page title test passed<br>
Google home page title test passed<br>
Google home page title test passed<br>]]>
    </system-out>
  </testcase> <!-- googleHomePageTitleTest -->
  <testcase classname="tests.SearchTest2WithExcelFile" name="googleSearchPageTitleTest" time="27.482">
    <system-out>
      <![CDATA[Google search page title test passed<br>
Google search page title test passed<br>
Google search page title test passed<br>]]>
    </system-out>
  </testcase> <!-- googleSearchPageTitleTest -->
  <system-out>
    <![CDATA[Google home page title test passed<br>
Google home page title test passed<br>
Google home page title test passed<br>
Google search page title test passed<br>
Google search page title test passed<br>
Google search page title test passed<br>]]>
  </system-out>
</testsuite> <!-- tests.SearchTest2WithExcelFile -->
