<?xml version="1.0" encoding="UTF-8"?>
<!-- Generated by org.testng.reporters.JUnitReportReporter -->
<testsuite skipped="0" hostname="KALAMSIR-PC" name="practice.Dummy11" tests="3" failures="0" timestamp="2021-01-02T09:25:14 IST" time="0.008" errors="0">
  <testcase name="testmethod" time="0.000" classname="practice.Dummy11"/>
  <system-out/>
  <testcase name="testmethod" time="0.001" classname="practice.Dummy11"/>
  <system-out/>
  <testcase name="testmethod" time="0.007" classname="practice.Dummy11"/>
  <system-out/>
</testsuite> <!-- practice.Dummy11 -->
