<?xml version="1.0" encoding="UTF-8"?>
<!-- Generated by org.testng.reporters.JUnitReportReporter -->
<testsuite skipped="0" hostname="KALAMSIR-PC" name="practicetestng.TestNGRunner16" tests="2" failures="0" timestamp="2021-06-26T08:26:30 IST" time="26.225" errors="0">
  <testcase name="magnitia" time="12.906" classname="practicetestng.TestNGRunner16"/>
  <system-out/>
  <testcase name="gmail" time="13.319" classname="practicetestng.TestNGRunner16"/>
  <system-out/>
</testsuite> <!-- practicetestng.TestNGRunner16 -->
