<?xml version="1.0" encoding="UTF-8"?>
<!-- Generated by org.testng.reporters.JUnitReportReporter -->
<testsuite skipped="1" hostname="KALAMSIR-PC" name="practicetestng.TestngDummy7" tests="3" failures="0" timestamp="2022-06-26T12:39:33 IST" time="0.002" errors="0">
  <testcase name="sendMail" time="0.000" classname="practicetestng.TestngDummy7">
    <skipped/>
  </testcase> <!-- sendMail -->
  <system-out/>
  <testcase name="openbrowser" time="0.001" classname="practicetestng.TestngDummy7"/>
  <system-out/>
  <testcase name="login" time="0.001" classname="practicetestng.TestngDummy7"/>
  <system-out/>
</testsuite> <!-- practicetestng.TestngDummy7 -->
