<?xml version="1.0" encoding="UTF-8"?>
<!-- Generated by org.testng.reporters.JUnitReportReporter -->
<testsuite skipped="0" hostname="KALAMSIR-PC" name="practicetestng.TestNGRunner11" tests="2" failures="0" timestamp="2021-06-20T08:15:09 IST" time="0.007" errors="0">
  <testcase name="testCase1" time="0.006" classname="practicetestng.TestNGRunner11"/>
  <system-out/>
  <testcase name="testCase2" time="0.001" classname="practicetestng.TestNGRunner11"/>
  <system-out/>
</testsuite> <!-- practicetestng.TestNGRunner11 -->
