<?xml version="1.0" encoding="UTF-8"?>
<!-- Generated by org.testng.reporters.JUnitReportReporter -->
<testsuite skipped="0" hostname="KALAMSIR-PC" name="practicetestng.TestDummy2" tests="1" failures="0" timestamp="2021-12-05T15:11:56 IST" time="3.300" errors="0">
  <testcase name="method" time="3.300" classname="practicetestng.TestDummy2"/>
  <system-out/>
</testsuite> <!-- practicetestng.TestDummy2 -->
