<?xml version="1.0" encoding="UTF-8"?>
<!-- Generated by org.testng.reporters.JUnitReportReporter -->
<testsuite skipped="0" hostname="KALAMSIR-PC" name="practicetestng.TestngDummy5" tests="5" failures="0" timestamp="2022-06-25T14:52:49 IST" time="0.010" errors="0">
  <testcase name="method" time="0.001" classname="practicetestng.TestngDummy5"/>
  <system-out/>
  <testcase name="method" time="0.001" classname="practicetestng.TestngDummy5"/>
  <system-out/>
  <testcase name="method" time="0.000" classname="practicetestng.TestngDummy5"/>
  <system-out/>
  <testcase name="method" time="0.001" classname="practicetestng.TestngDummy5"/>
  <system-out/>
  <testcase name="method" time="0.007" classname="practicetestng.TestngDummy5"/>
  <system-out/>
</testsuite> <!-- practicetestng.TestngDummy5 -->
