<?xml version="1.0" encoding="UTF-8"?>
<!-- Generated by org.testng.reporters.JUnitReportReporter -->
<testsuite skipped="0" hostname="KALAMSIR-PC" name="practicetestng.TestNGRunner5" tests="15" failures="0" timestamp="2021-06-19T09:34:38 IST" time="0.013" errors="0">
  <testcase name="method2" time="0.000" classname="practicetestng.TestNGRunner5"/>
  <system-out/>
  <testcase name="method2" time="0.000" classname="practicetestng.TestNGRunner5"/>
  <system-out/>
  <testcase name="method2" time="0.000" classname="practicetestng.TestNGRunner5"/>
  <system-out/>
  <testcase name="method2" time="0.001" classname="practicetestng.TestNGRunner5"/>
  <system-out/>
  <testcase name="method2" time="0.007" classname="practicetestng.TestNGRunner5"/>
  <system-out/>
  <testcase name="method2" time="0.000" classname="practicetestng.TestNGRunner5"/>
  <system-out/>
  <testcase name="method2" time="0.000" classname="practicetestng.TestNGRunner5"/>
  <system-out/>
  <testcase name="method2" time="0.004" classname="practicetestng.TestNGRunner5"/>
  <system-out/>
  <testcase name="method2" time="0.000" classname="practicetestng.TestNGRunner5"/>
  <system-out/>
  <testcase name="method2" time="0.000" classname="practicetestng.TestNGRunner5"/>
  <system-out/>
  <testcase name="method2" time="0.000" classname="practicetestng.TestNGRunner5"/>
  <system-out/>
  <testcase name="method2" time="0.000" classname="practicetestng.TestNGRunner5"/>
  <system-out/>
  <testcase name="method2" time="0.000" classname="practicetestng.TestNGRunner5"/>
  <system-out/>
  <testcase name="method2" time="0.001" classname="practicetestng.TestNGRunner5"/>
  <system-out/>
  <testcase name="method2" time="0.000" classname="practicetestng.TestNGRunner5"/>
  <system-out/>
</testsuite> <!-- practicetestng.TestNGRunner5 -->
