<?xml version="1.0" encoding="UTF-8"?>
<!-- Generated by org.testng.reporters.JUnitReportReporter -->
<testsuite skipped="0" hostname="KALAMSIR-PC" name="practice.Dummy8" tests="7" failures="0" timestamp="2021-01-10T07:34:34 IST" time="0.023" errors="0">
  <testcase name="method2" time="0.005" classname="practice.Dummy8"/>
  <system-out/>
  <testcase name="method2" time="0.005" classname="practice.Dummy8"/>
  <system-out/>
  <testcase name="method2" time="0.005" classname="practice.Dummy8"/>
  <system-out/>
  <testcase name="method3" time="0.003" classname="practice.Dummy8"/>
  <system-out/>
  <testcase name="method3" time="0.001" classname="practice.Dummy8"/>
  <system-out/>
  <testcase name="method3" time="0.002" classname="practice.Dummy8"/>
  <system-out/>
  <testcase name="method3" time="0.002" classname="practice.Dummy8"/>
  <system-out/>
</testsuite> <!-- practice.Dummy8 -->
