<?xml version="1.0" encoding="UTF-8"?>
<!-- Generated by org.testng.reporters.JUnitReportReporter -->
<testsuite skipped="0" hostname="KALAMSIR-PC" name="practicetestng.TestngDummy20" tests="1" failures="0" timestamp="2021-12-18T13:05:56 IST" time="7.155" errors="0">
  <testcase name="method1" time="7.155" classname="practicetestng.TestngDummy20"/>
  <system-out>
    <![CDATA[Chrome browser opened
Google site launched
<a href="E:\batch255\org.magnitia.TDD\target\18-Dec-2021-01-05-54.png"><img src="E:\batch255\org.magnitia.TDD\target\18-Dec-2021-01-05-54.png" height="100" width="100"/></a>]]>
  </system-out>
</testsuite> <!-- practicetestng.TestngDummy20 -->
