<?xml version="1.0" encoding="UTF-8"?>
<!-- Generated by org.testng.reporters.JUnitReportReporter -->
<testsuite skipped="0" hostname="KALAMSIR-PC" name="practicetestng.TestngDummy14" tests="2" failures="0" timestamp="2021-12-12T12:54:45 IST" time="0.009" errors="0">
  <testcase name="openbrowser" time="0.008" classname="practicetestng.TestngDummy14"/>
  <system-out/>
  <testcase name="login" time="0.001" classname="practicetestng.TestngDummy14"/>
  <system-out/>
</testsuite> <!-- practicetestng.TestngDummy14 -->
