<?xml version="1.0" encoding="UTF-8"?>
<!-- Generated by org.testng.reporters.JUnitReportReporter -->
<testsuite hostname="DESKTOP-RAPIJ62" failures="0" tests="3" name="tests.SearchTest5WithXml" time="14.721" errors="0" timestamp="2023-10-28T12:57:08 IST" skipped="0">
  <testcase classname="tests.SearchTest5WithXml" name="launch" time="3.446">
    <system-out>
      <![CDATA[Google home page title test passed<br>]]>
    </system-out>
  </testcase> <!-- launch -->
  <testcase classname="tests.SearchTest5WithXml" name="launch" time="4.116">
    <system-out>
      <![CDATA[Google home page title test passed<br>]]>
    </system-out>
  </testcase> <!-- launch -->
  <testcase classname="tests.SearchTest5WithXml" name="launch" time="7.159">
    <system-out>
      <![CDATA[Google home page title test passed<br>]]>
    </system-out>
  </testcase> <!-- launch -->
  <system-out>
    <![CDATA[Google home page title test passed<br>
Google home page title test passed<br>
Google home page title test passed<br>]]>
  </system-out>
</testsuite> <!-- tests.SearchTest5WithXml -->
