<?xml version="1.0" encoding="UTF-8"?>
<!-- Generated by org.testng.reporters.JUnitReportReporter -->
<testsuite skipped="0" hostname="KALAMSIR-PC" name="practicetestng.TestNGRunner15" tests="2" failures="0" timestamp="2021-06-26T08:18:14 IST" time="51.535" errors="0">
  <testcase name="method2" time="24.335" classname="practicetestng.TestNGRunner15"/>
  <system-out/>
  <testcase name="method3" time="27.200" classname="practicetestng.TestNGRunner15"/>
  <system-out/>
</testsuite> <!-- practicetestng.TestNGRunner15 -->
