<?xml version="1.0" encoding="UTF-8"?>
<!-- Generated by org.testng.reporters.JUnitReportReporter -->
<testsuite skipped="0" hostname="KALAMSIR-PC" name="tests.LoginTest4WithXml" tests="20" failures="0" timestamp="2021-12-19T15:56:58 IST" time="136.976" errors="0">
  <testcase name="launch" time="15.775" classname="tests.LoginTest4WithXml"/>
  <system-out/>
  <testcase name="launch" time="14.372" classname="tests.LoginTest4WithXml"/>
  <system-out/>
  <testcase name="launch" time="16.705" classname="tests.LoginTest4WithXml"/>
  <system-out/>
  <testcase name="launch" time="14.710" classname="tests.LoginTest4WithXml"/>
  <system-out/>
  <testcase name="launch" time="14.852" classname="tests.LoginTest4WithXml"/>
  <system-out/>
  <testcase name="uidTest" time="6.355" classname="tests.LoginTest4WithXml"/>
  <system-out>
    <![CDATA[Valid UID test passed]]>
  </system-out>
  <testcase name="uidTest" time="6.164" classname="tests.LoginTest4WithXml"/>
  <system-out>
    <![CDATA[Valid UID test passed]]>
  </system-out>
  <testcase name="uidTest" time="5.385" classname="tests.LoginTest4WithXml"/>
  <system-out>
    <![CDATA[Invalid UID test passed]]>
  </system-out>
  <testcase name="uidTest" time="6.523" classname="tests.LoginTest4WithXml"/>
  <system-out>
    <![CDATA[Valid UID test passed]]>
  </system-out>
  <testcase name="uidTest" time="5.921" classname="tests.LoginTest4WithXml"/>
  <system-out>
    <![CDATA[Uid blank test passed]]>
  </system-out>
  <testcase name="pwdTest" time="0.000" classname="tests.LoginTest4WithXml"/>
  <system-out>
    <![CDATA[No need for pwd testing]]>
  </system-out>
  <testcase name="pwdTest" time="5.626" classname="tests.LoginTest4WithXml"/>
  <system-out>
    <![CDATA[Invalid PWD test passed]]>
  </system-out>
  <testcase name="pwdTest" time="0.000" classname="tests.LoginTest4WithXml"/>
  <system-out>
    <![CDATA[No need for pwd testing]]>
  </system-out>
  <testcase name="pwdTest" time="5.469" classname="tests.LoginTest4WithXml"/>
  <system-out>
    <![CDATA[PWD blank test passed]]>
  </system-out>
  <testcase name="pwdTest" time="14.395" classname="tests.LoginTest4WithXml"/>
  <system-out>
    <![CDATA[Valid PWD test passed]]>
  </system-out>
  <testcase name="close" time="1.208" classname="tests.LoginTest4WithXml"/>
  <system-out/>
  <testcase name="close" time="0.783" classname="tests.LoginTest4WithXml"/>
  <system-out/>
  <testcase name="close" time="1.137" classname="tests.LoginTest4WithXml"/>
  <system-out/>
  <testcase name="close" time="0.952" classname="tests.LoginTest4WithXml"/>
  <system-out/>
  <testcase name="close" time="0.644" classname="tests.LoginTest4WithXml"/>
  <system-out/>
</testsuite> <!-- tests.LoginTest4WithXml -->
